Looking for git in: git
Using git 2.7.4 from git
git rev-parse --show-toplevel
git config --get commit.template
git status -z -u
git symbolic-ref --short HEAD
git rev-parse master
git rev-parse --symbolic-full-name --abbrev-ref master@{u}
git rev-list --left-right master...origin/master
git for-each-ref --format %(refname) %(objectname) --sort -committerdate
git remote --verbose
git show :Views/Contacts/Index.cshtml
git check-ignore -z --stdin
git status -z -u
git symbolic-ref --short HEAD
git rev-parse master
git rev-parse --symbolic-full-name --abbrev-ref master@{u}
git rev-list --left-right master...origin/master
git for-each-ref --format %(refname) %(objectname) --sort -committerdate
git remote --verbose
git check-ignore -z --stdin
git show :Views/Contacts/Create.cshtml
git check-ignore -z --stdin
git show :ViewModels/ContactViewModel.cs
git show :ViewModels/EntityTypeViewModel.cs
git show :ViewModels/ContactViewModel.cs
git show :ViewModels/EntityTypeViewModel.cs
git show :ViewModels/ContactViewModel.cs
git show :Controllers/ContactsController.cs
git show :Controllers/EntityTypesController.cs
git check-ignore -z --stdin
git check-ignore -z --stdin
git show :Services/Contracts/IContactsService.cs
git check-ignore -z --stdin
git show :Services/Implementations/ContactsService.cs
git show :Controllers/ContactsController.cs
