Looking for git in: git
Using git 2.7.4 from git
git rev-parse --show-toplevel
git config --get commit.template
git status -z -u
git check-ignore -z --stdin
git symbolic-ref --short HEAD
git rev-parse master
git rev-parse --symbolic-full-name --abbrev-ref master@{u}
git rev-list --left-right master...origin/master
git for-each-ref --format %(refname) %(objectname) --sort -committerdate
git remote --verbose
git check-ignore -z --stdin
git show :audiences.sln
git check-ignore -z --stdin
git show :ViewModels/EntityTypeViewModel.cs
git check-ignore -z --stdin
git show :Controllers/EntityTypesController.cs
git show :Program.cs
git show :Startup.cs
git check-ignore -z --stdin
git check-ignore -z --stdin
git status -z -u
git symbolic-ref --short HEAD
git rev-parse master
git rev-parse --symbolic-full-name --abbrev-ref master@{u}
git rev-list --left-right master...origin/master
git for-each-ref --format %(refname) %(objectname) --sort -committerdate
git remote --verbose
git show :ViewModels/.cs.cs
git check-ignore -z --stdin
git status -z -u
git symbolic-ref --short HEAD
git rev-parse master
git rev-parse --symbolic-full-name --abbrev-ref master@{u}
git rev-list --left-right master...origin/master
git for-each-ref --format %(refname) %(objectname) --sort -committerdate
git remote --verbose
git show :Startup.cs
git show :ViewModels/.cs.cs
git show :Startup.cs
git status -z -u
git symbolic-ref --short HEAD
git rev-parse master
git rev-parse --symbolic-full-name --abbrev-ref master@{u}
git rev-list --left-right master...origin/master
git for-each-ref --format %(refname) %(objectname) --sort -committerdate
git remote --verbose
git show :Controllers/EntityTypesController.cs
git show :Startup.cs
git status -z -u
git symbolic-ref --short HEAD
git rev-parse master
git rev-parse --symbolic-full-name --abbrev-ref master@{u}
git rev-list --left-right master...origin/master
git for-each-ref --format %(refname) %(objectname) --sort -committerdate
git remote --verbose
git show :Controllers/EntityTypesController.cs
git check-ignore -z --stdin
git checkout -q -- /home/audiences/ViewModels/EntityTypeViewModel.cs
git status -z -u
git symbolic-ref --short HEAD
git rev-parse master
git rev-parse --symbolic-full-name --abbrev-ref master@{u}
git rev-list --left-right master...origin/master
git for-each-ref --format %(refname) %(objectname) --sort -committerdate
git remote --verbose
git check-ignore -z --stdin
git status -z -u
git symbolic-ref --short HEAD
git rev-parse master
git rev-parse --symbolic-full-name --abbrev-ref master@{u}
git rev-list --left-right master...origin/master
git for-each-ref --format %(refname) %(objectname) --sort -committerdate
git remote --verbose
git show :Controllers/EntityTypesController.cs
git show :Controllers/EntityTypesController.cs
git status -z -u
git symbolic-ref --short HEAD
git rev-parse master
git rev-parse --symbolic-full-name --abbrev-ref master@{u}
git rev-list --left-right master...origin/master
git for-each-ref --format %(refname) %(objectname) --sort -committerdate
git remote --verbose
git show :ViewModels/EntityTypeViewModel.cs
git show :Controllers/EntityTypesController.cs
git show :ViewModels/ContactViewModel.cs
git check-ignore -z --stdin
git status -z -u
git symbolic-ref --short HEAD
git rev-parse master
git rev-parse --symbolic-full-name --abbrev-ref master@{u}
git rev-list --left-right master...origin/master
git for-each-ref --format %(refname) %(objectname) --sort -committerdate
git remote --verbose
git show :ViewModels/EntityTypeViewModel.cs
git show :ViewModels/ContactViewModel.cs
git show :Models/Contact.cs
git show :ViewModels/ContactViewModel.cs
git show :ViewModels/EntityTypeViewModel.cs
git show :ViewModels/ContactViewModel.cs
git status -z -u
git symbolic-ref --short HEAD
git rev-parse master
git rev-parse --symbolic-full-name --abbrev-ref master@{u}
git rev-list --left-right master...origin/master
git for-each-ref --format %(refname) %(objectname) --sort -committerdate
git remote --verbose
git show :Controllers/ContactsController.cs
git check-ignore -z --stdin
git status -z -u
git symbolic-ref --short HEAD
git rev-parse master
git rev-parse --symbolic-full-name --abbrev-ref master@{u}
git rev-list --left-right master...origin/master
git for-each-ref --format %(refname) %(objectname) --sort -committerdate
git remote --verbose
git show :Controllers/EntityTypesController.cs
git show :Controllers/ContactsController.cs
git show :Controllers/EntityTypesController.cs
git show :Controllers/ContactsController.cs
git show :ViewModels/EntityTypeViewModel.cs
git show :ViewModels/ContactViewModel.cs
git show :Controllers/ContactsController.cs
git show :Controllers/EntityTypesController.cs
git show :Controllers/ContactsController.cs
git show :Controllers/EntityTypesController.cs
git show :Controllers/ContactsController.cs
git show :Controllers/EntityTypesController.cs
git show :Controllers/ContactsController.cs
git show :ViewModels/ContactViewModel.cs
git status -z -u
git symbolic-ref --short HEAD
git rev-parse master
git rev-parse --symbolic-full-name --abbrev-ref master@{u}
git rev-list --left-right master...origin/master
git for-each-ref --format %(refname) %(objectname) --sort -committerdate
git remote --verbose
git show :Controllers/ContactsController.cs
git show :Controllers/EntityTypesController.cs
git show :Controllers/ContactsController.cs
git show :Controllers/EntityTypesController.cs
git show :Controllers/ContactsController.cs
git show :Controllers/EntityTypesController.cs
git show :ViewModels/EntityTypeViewModel.cs
git show :Controllers/ContactsController.cs
git status -z -u
git symbolic-ref --short HEAD
git rev-parse master
git rev-parse --symbolic-full-name --abbrev-ref master@{u}
git rev-list --left-right master...origin/master
git for-each-ref --format %(refname) %(objectname) --sort -committerdate
git remote --verbose
git check-ignore -z --stdin
git show :Services/Contracts/IEntityTypesService.cs
git show :Services/Contracts/IContactService.cs
git check-ignore -z --stdin
git status -z -u
git symbolic-ref --short HEAD
git rev-parse master
git rev-parse --symbolic-full-name --abbrev-ref master@{u}
git rev-list --left-right master...origin/master
git for-each-ref --format %(refname) %(objectname) --sort -committerdate
git remote --verbose
git show :Services/Contracts/IEntityTypesService.cs
git show :Controllers/ContactsController.cs
git show :Services/Contracts/IEntityTypesService.cs
git show :Services/Contracts/IContactService.cs
git status -z -u
git symbolic-ref --short HEAD
git rev-parse master
git rev-parse --symbolic-full-name --abbrev-ref master@{u}
git rev-list --left-right master...origin/master
git for-each-ref --format %(refname) %(objectname) --sort -committerdate
git remote --verbose
git show :Controllers/ContactsController.cs
git show :Services/Contracts/IContactService.cs
git show :Services/Contracts/IEntityTypesService.cs
git show :Services/Contracts/IContactService.cs
git status -z -u
git symbolic-ref --short HEAD
git rev-parse master
git rev-parse --symbolic-full-name --abbrev-ref master@{u}
git rev-list --left-right master...origin/master
git for-each-ref --format %(refname) %(objectname) --sort -committerdate
git remote --verbose
git show :Services/Contracts/IEntityTypesService.cs
git show :Services/Contracts/IContactService.cs
git status -z -u
git symbolic-ref --short HEAD
git rev-parse master
git rev-parse --symbolic-full-name --abbrev-ref master@{u}
git rev-list --left-right master...origin/master
git for-each-ref --format %(refname) %(objectname) --sort -committerdate
git remote --verbose
git show :Services/Contracts/IEntityTypesService.cs
git show :Services/Contracts/IContactService.cs
git check-ignore -z --stdin
git show :Services/Implementations/EntityTypesService.cs
git show :Services/Implementations/ContactService.cs
git check-ignore -z --stdin
git status -z -u
git symbolic-ref --short HEAD
git rev-parse master
git rev-parse --symbolic-full-name --abbrev-ref master@{u}
git rev-list --left-right master...origin/master
git for-each-ref --format %(refname) %(objectname) --sort -committerdate
git remote --verbose
git show :Services/Implementations/EntityTypesService.cs
git show :Services/Contracts/IContactService.cs
git show :Services/Implementations/ContactService.cs
git show :Services/Contracts/IContactService.cs
git show :Services/Implementations/ContactService.cs
git show :Services/Implementations/EntityTypesService.cs
git show :Services/Contracts/IContactService.cs
git show :Services/Implementations/EntityTypesService.cs
git show :Services/Implementations/ContactService.cs
git show :Services/Implementations/EntityTypesService.cs
git show :Services/Implementations/ContactService.cs
git show :Services/Implementations/EntityTypesService.cs
git show :Services/Implementations/ContactService.cs
git show :Services/Implementations/EntityTypesService.cs
git show :Services/Implementations/ContactService.cs
git show :Services/Implementations/EntityTypesService.cs
git show :Services/Implementations/ContactService.cs
git show :Services/Implementations/EntityTypesService.cs
git show :Services/Implementations/ContactService.cs
git show :Services/Implementations/EntityTypesService.cs
git show :Services/Implementations/ContactService.cs
git show :Services/Implementations/EntityTypesService.cs
git show :Services/Implementations/ContactService.cs
git show :Services/Implementations/EntityTypesService.cs
git show :Services/Implementations/ContactService.cs
git show :Services/Implementations/EntityTypesService.cs
git show :Services/Implementations/ContactService.cs
git show :Services/Implementations/EntityTypesService.cs
git show :Services/Implementations/ContactService.cs
git show :Services/Implementations/EntityTypesService.cs
git show :Services/Implementations/ContactService.cs
git show :Services/Implementations/EntityTypesService.cs
git show :Services/Implementations/ContactService.cs
git show :Services/Implementations/EntityTypesService.cs
git show :Services/Implementations/ContactService.cs
git show :Services/Implementations/EntityTypesService.cs
git show :Services/Implementations/ContactService.cs
git show :Services/Implementations/EntityTypesService.cs
git show :Services/Contracts/IEntityTypesService.cs
git show :Services/Implementations/EntityTypesService.cs
git show :Services/Contracts/IEntityTypesService.cs
git show :Services/Implementations/ContactService.cs
git show :Services/Implementations/EntityTypesService.cs
git show :Services/Contracts/IContactService.cs
git show :Services/Contracts/IEntityTypesService.cs
git show :Services/Contracts/IContactService.cs
git show :Services/Contracts/IEntityTypesService.cs
git show :Services/Contracts/IContactService.cs
git show :Services/Contracts/IEntityTypesService.cs
git show :Services/Contracts/IContactService.cs
git show :Services/Contracts/IEntityTypesService.cs
git show :Services/Contracts/IContactService.cs
git show :Services/Contracts/IEntityTypesService.cs
git show :Services/Contracts/IContactService.cs
git show :Services/Contracts/IEntityTypesService.cs
git show :Services/Contracts/IContactService.cs
git show :Services/Contracts/IEntityTypesService.cs
git show :Services/Contracts/IContactService.cs
git status -z -u
git symbolic-ref --short HEAD
git rev-parse master
git rev-parse --symbolic-full-name --abbrev-ref master@{u}
git rev-list --left-right master...origin/master
git for-each-ref --format %(refname) %(objectname) --sort -committerdate
git remote --verbose
git show :Services/Implementations/ContactService.cs
git show :Services/Contracts/IContactService.cs
git show :Services/Contracts/IEntityTypesService.cs
git show :Services/Contracts/IContactService.cs
git status -z -u
git symbolic-ref --short HEAD
git rev-parse master
git rev-parse --symbolic-full-name --abbrev-ref master@{u}
git rev-list --left-right master...origin/master
git for-each-ref --format %(refname) %(objectname) --sort -committerdate
git remote --verbose
git show :Services/Implementations/ContactService.cs
git show :Services/Contracts/IContactService.cs
git show :Services/Implementations/ContactService.cs
git show :Services/Contracts/IContactService.cs
git show :Services/Implementations/ContactService.cs
git status -z -u
git symbolic-ref --short HEAD
git rev-parse master
git rev-parse --symbolic-full-name --abbrev-ref master@{u}
git rev-list --left-right master...origin/master
git for-each-ref --format %(refname) %(objectname) --sort -committerdate
git remote --verbose
git show :Services/Implementations/EntityTypesService.cs
git show :Services/Contracts/IContactService.cs
git show :Services/Contracts/IEntityTypesService.cs
git show :Services/Implementations/ContactService.cs
git show :Services/Contracts/IContactService.cs
git show :Services/Implementations/EntityTypesService.cs
git show :Services/Implementations/ContactService.cs
git show :Services/Implementations/EntityTypesService.cs
git show :Services/Contracts/IContactService.cs
git show :Services/Implementations/EntityTypesService.cs
git show :Services/Implementations/ContactService.cs
git show :Services/Implementations/EntityTypesService.cs
git show :Services/Implementations/ContactService.cs
git show :Services/Implementations/EntityTypesService.cs
git show :Services/Implementations/ContactService.cs
git show :Services/Implementations/EntityTypesService.cs
git show :Services/Implementations/ContactService.cs
git show :Services/Implementations/EntityTypesService.cs
git show :Services/Implementations/ContactService.cs
git show :Services/Implementations/EntityTypesService.cs
git show :Services/Implementations/ContactService.cs
git show :Services/Implementations/EntityTypesService.cs
git show :Services/Implementations/ContactService.cs
git show :Services/Implementations/EntityTypesService.cs
git show :Services/Implementations/ContactService.cs
git show :Services/Implementations/EntityTypesService.cs
git show :Services/Implementations/ContactService.cs
git show :Services/Implementations/EntityTypesService.cs
git show :Services/Implementations/ContactService.cs
git show :Controllers/ContactsController.cs
git show :Services/Implementations/EntityTypesService.cs
git show :Services/Implementations/ContactService.cs
git show :Services/Implementations/EntityTypesService.cs
git check-ignore -z --stdin
git show :Data/ApplicationDbContext.cs
git show :Services/Implementations/ContactService.cs
git show :Services/Implementations/EntityTypesService.cs
git show :Services/Implementations/ContactService.cs
git show :Services/Implementations/EntityTypesService.cs
git show :Services/Implementations/ContactService.cs
git show :Services/Implementations/EntityTypesService.cs
git show :Services/Implementations/ContactService.cs
git show :Services/Implementations/EntityTypesService.cs
git show :Services/Implementations/ContactService.cs
git show :Services/Implementations/EntityTypesService.cs
git show :Services/Implementations/ContactService.cs
git show :Services/Implementations/EntityTypesService.cs
git show :Services/Implementations/ContactService.cs
git show :Services/Implementations/EntityTypesService.cs
git show :Services/Implementations/ContactService.cs
git show :Services/Implementations/EntityTypesService.cs
git show :Services/Implementations/ContactService.cs
git show :Services/Implementations/EntityTypesService.cs
git show :Services/Implementations/ContactService.cs
git show :Services/Implementations/EntityTypesService.cs
git show :Services/Implementations/ContactService.cs
git status -z -u
git symbolic-ref --short HEAD
git rev-parse master
git rev-parse --symbolic-full-name --abbrev-ref master@{u}
git rev-list --left-right master...origin/master
git for-each-ref --format %(refname) %(objectname) --sort -committerdate
git remote --verbose
git show :Services/Implementations/EntityTypesService.cs
git show :Services/Contracts/IEntityTypesService.cs
git show :Services/Implementations/EntityTypesService.cs
git show :Controllers/ContactsController.cs
git show :Controllers/EntityTypesController.cs
git show :Services/Implementations/ContactService.cs
git show :Services/Implementations/EntityTypesService.cs
git show :Services/Contracts/IEntityTypesService.cs
git check-ignore -z --stdin
git check-ignore -z --stdin
git show :Views/EntityTypes/Index.cshtml
git show :Views/EntityTypes/Create.cshtml
git show :ViewModels/ContactViewModel.cs
git show :Services/Implementations/ContactService.cs
git show :Views/EntityTypes/Create.cshtml
git show :Services/Implementations/ContactService.cs
git show :ViewModels/ContactViewModel.cs
git show :ViewModels/EntityTypeViewModel.cs
git show :ViewModels/ContactViewModel.cs
git status -z -u
git symbolic-ref --short HEAD
git rev-parse master
git rev-parse --symbolic-full-name --abbrev-ref master@{u}
git rev-list --left-right master...origin/master
git for-each-ref --format %(refname) %(objectname) --sort -committerdate
git remote --verbose
git show :ViewModels/EntityTypeViewModel.cs
git show :ViewModels/ContactViewModel.cs
git show :Services/Implementations/ContactService.cs
git show :Services/Implementations/ContactsService.cs
git check-ignore -z --stdin
git status -z -u
git symbolic-ref --short HEAD
git rev-parse master
git rev-parse --symbolic-full-name --abbrev-ref master@{u}
git rev-list --left-right master...origin/master
git for-each-ref --format %(refname) %(objectname) --sort -committerdate
git remote --verbose
git show :Services/Contracts/IContactService.cs
git show :Services/Contracts/IContactsService.cs
git check-ignore -z --stdin
git status -z -u
git symbolic-ref --short HEAD
git rev-parse master
git rev-parse --symbolic-full-name --abbrev-ref master@{u}
git rev-list --left-right master...origin/master
git for-each-ref --format %(refname) %(objectname) --sort -committerdate
git remote --verbose
git show :Services/Implementations/ContactsService.cs
git show :Services/Implementations/EntityTypesService.cs
git show :Services/Implementations/ContactsService.cs
git show :Services/Implementations/EntityTypesService.cs
git show :Services/Implementations/ContactsService.cs
git show :Services/Implementations/EntityTypesService.cs
git show :Services/Implementations/ContactsService.cs
git show :Services/Implementations/EntityTypesService.cs
git show :Services/Implementations/ContactsService.cs
git show :Services/Implementations/EntityTypesService.cs
git show :Services/Implementations/ContactsService.cs
git show :Controllers/ContactsController.cs
git show :Services/Implementations/ContactsService.cs
git show :Services/Implementations/EntityTypesService.cs
git show :Services/Implementations/ContactsService.cs
git show :Services/Implementations/EntityTypesService.cs
git show :Services/Implementations/ContactsService.cs
git show :Services/Implementations/EntityTypesService.cs
git show :Services/Implementations/ContactsService.cs
git show :Services/Implementations/EntityTypesService.cs
git show :Services/Implementations/ContactsService.cs
git show :Services/Implementations/EntityTypesService.cs
git show :Services/Implementations/ContactsService.cs
git show :Services/Implementations/EntityTypesService.cs
git show :Services/Implementations/ContactsService.cs
git show :Services/Implementations/EntityTypesService.cs
git show :Services/Implementations/ContactsService.cs
git show :Services/Implementations/EntityTypesService.cs
git show :Services/Implementations/ContactsService.cs
git show :Services/Implementations/EntityTypesService.cs
git show :Services/Implementations/ContactsService.cs
git status -z -u
git symbolic-ref --short HEAD
git rev-parse master
git rev-parse --symbolic-full-name --abbrev-ref master@{u}
git rev-list --left-right master...origin/master
git for-each-ref --format %(refname) %(objectname) --sort -committerdate
git remote --verbose
git show :Services/Implementations/EntityTypesService.cs
git show :Services/Implementations/ContactsService.cs
git status -z -u
git symbolic-ref --short HEAD
git rev-parse master
git rev-parse --symbolic-full-name --abbrev-ref master@{u}
git rev-list --left-right master...origin/master
git for-each-ref --format %(refname) %(objectname) --sort -committerdate
git remote --verbose
git show :Services/Implementations/EntityTypesService.cs
git show :Services/Implementations/ContactsService.cs
git show :Services/Implementations/EntityTypesService.cs
git show :Services/Implementations/ContactsService.cs
git show :Services/Implementations/EntityTypesService.cs
git show :Services/Implementations/ContactsService.cs
git show :Services/Implementations/EntityTypesService.cs
git show :Services/Implementations/ContactsService.cs
git status -z -u
git symbolic-ref --short HEAD
git rev-parse master
git rev-parse --symbolic-full-name --abbrev-ref master@{u}
git rev-list --left-right master...origin/master
git for-each-ref --format %(refname) %(objectname) --sort -committerdate
git remote --verbose
git show :Controllers/HomeController.cs
git show :Controllers/EntityTypesController.cs
git show :Services/Implementations/ContactsService.cs
git show :Controllers/EntityTypesController.cs
git show :Controllers/ContactsController.cs
git show :Controllers/EntityTypesController.cs
git show :Controllers/ContactsController.cs
git show :Services/Contracts/IContactsService.cs
git status -z -u
git symbolic-ref --short HEAD
git rev-parse master
git rev-parse --symbolic-full-name --abbrev-ref master@{u}
git rev-list --left-right master...origin/master
git for-each-ref --format %(refname) %(objectname) --sort -committerdate
git remote --verbose
git show :Services/Implementations/ContactsService.cs
git show :Controllers/ContactsController.cs
git status -z -u
git symbolic-ref --short HEAD
git rev-parse master
git rev-parse --symbolic-full-name --abbrev-ref master@{u}
git rev-list --left-right master...origin/master
git for-each-ref --format %(refname) %(objectname) --sort -committerdate
git remote --verbose
git check-ignore -z --stdin
git check-ignore -z --stdin
git status -z -u
git symbolic-ref --short HEAD
git rev-parse master
git rev-parse --symbolic-full-name --abbrev-ref master@{u}
git rev-list --left-right master...origin/master
git for-each-ref --format %(refname) %(objectname) --sort -committerdate
git remote --verbose
git show :Views/Contacts/Create.cshtml
git check-ignore -z --stdin
git status -z -u
git symbolic-ref --short HEAD
git rev-parse master
git rev-parse --symbolic-full-name --abbrev-ref master@{u}
git rev-list --left-right master...origin/master
git for-each-ref --format %(refname) %(objectname) --sort -committerdate
git remote --verbose
git show :Views/Contacts/Index.cshtml
git check-ignore -z --stdin
git status -z -u
git symbolic-ref --short HEAD
git rev-parse master
git rev-parse --symbolic-full-name --abbrev-ref master@{u}
git rev-list --left-right master...origin/master
git for-each-ref --format %(refname) %(objectname) --sort -committerdate
git remote --verbose
git show :Views/Contacts/Create.cshtml
git show :Views/EntityTypes/Create.cshtml
git show :Views/Contacts/Create.cshtml
git show :Views/EntityTypes/Create.cshtml
git show :Views/Contacts/Create.cshtml
git show :ViewModels/ContactViewModel.cs
git show :Views/Contacts/Create.cshtml
git status -z -u
git symbolic-ref --short HEAD
git rev-parse master
git rev-parse --symbolic-full-name --abbrev-ref master@{u}
git rev-list --left-right master...origin/master
git for-each-ref --format %(refname) %(objectname) --sort -committerdate
git remote --verbose
git show :Services/Implementations/ContactsService.cs
git show :ViewModels/ContactViewModel.cs
git status -z -u
git symbolic-ref --short HEAD
git rev-parse master
git rev-parse --symbolic-full-name --abbrev-ref master@{u}
git rev-list --left-right master...origin/master
git for-each-ref --format %(refname) %(objectname) --sort -committerdate
git remote --verbose
git status -z -u
git symbolic-ref --short HEAD
git rev-parse master
git rev-parse --symbolic-full-name --abbrev-ref master@{u}
git rev-list --left-right master...origin/master
git for-each-ref --format %(refname) %(objectname) --sort -committerdate
git remote --verbose
git show :Views/EntityTypes/Create.cshtml
git show :Views/EntityTypes/Index.cshtml
git show :Views/Contacts/Index.cshtml
git show :Views/Contacts/Create.cshtml
git show :Views/EntityTypes/Index.cshtml
git show :Views/Contacts/Index.cshtml
git show :Views/EntityTypes/Index.cshtml
git show :Views/Contacts/Index.cshtml
git status -z -u
git symbolic-ref --short HEAD
git rev-parse master
git rev-parse --symbolic-full-name --abbrev-ref master@{u}
git rev-list --left-right master...origin/master
git for-each-ref --format %(refname) %(objectname) --sort -committerdate
git remote --verbose
git status -z -u
git symbolic-ref --short HEAD
git rev-parse master
git rev-parse --symbolic-full-name --abbrev-ref master@{u}
git rev-list --left-right master...origin/master
git for-each-ref --format %(refname) %(objectname) --sort -committerdate
git remote --verbose
git show :Controllers/ContactsController.cs
git status -z -u
git symbolic-ref --short HEAD
git rev-parse master
git rev-parse --symbolic-full-name --abbrev-ref master@{u}
git rev-list --left-right master...origin/master
git for-each-ref --format %(refname) %(objectname) --sort -committerdate
git remote --verbose
git show :Controllers/ContactsController.cs
git status -z -u
git symbolic-ref --short HEAD
git rev-parse master
git rev-parse --symbolic-full-name --abbrev-ref master@{u}
git rev-list --left-right master...origin/master
git for-each-ref --format %(refname) %(objectname) --sort -committerdate
git remote --verbose
git check-ignore -z --stdin
git check-ignore -z --stdin
git show :Data/Migrations/20180324234226_InitialSetup.cs
git show :Controllers/ContactsController.cs
git status -z -u
git symbolic-ref --short HEAD
git rev-parse master
git rev-parse --symbolic-full-name --abbrev-ref master@{u}
git rev-list --left-right master...origin/master
git for-each-ref --format %(refname) %(objectname) --sort -committerdate
git remote --verbose
git show :Data/Migrations/20180324234226_InitialSetup.Designer.cs
git show :Controllers/ContactsController.cs
git status -z -u
git symbolic-ref --short HEAD
git rev-parse master
git rev-parse --symbolic-full-name --abbrev-ref master@{u}
git rev-list --left-right master...origin/master
git for-each-ref --format %(refname) %(objectname) --sort -committerdate
git remote --verbose
git show :Data/Migrations/ApplicationDbContextModelSnapshot.cs
git show :Controllers/ContactsController.cs
git status -z -u
git symbolic-ref --short HEAD
git rev-parse master
git rev-parse --symbolic-full-name --abbrev-ref master@{u}
git rev-list --left-right master...origin/master
git for-each-ref --format %(refname) %(objectname) --sort -committerdate
git remote --verbose
git check-ignore -z --stdin
git status -z -u
git symbolic-ref --short HEAD
git rev-parse master
git rev-parse --symbolic-full-name --abbrev-ref master@{u}
git rev-list --left-right master...origin/master
git for-each-ref --format %(refname) %(objectname) --sort -committerdate
git remote --verbose
git show :Controllers/ContactsController.cs
git status -z -u
git symbolic-ref --short HEAD
git rev-parse master
git rev-parse --symbolic-full-name --abbrev-ref master@{u}
git rev-list --left-right master...origin/master
git for-each-ref --format %(refname) %(objectname) --sort -committerdate
git remote --verbose
git show :Startup.cs
git show :Services/Contracts/IContactsService.cs
git show :Startup.cs
git show :Services/Implementations/ContactsService.cs
git show :Startup.cs
git show :Services/Contracts/IContactsService.cs
git show :Startup.cs
git status -z -u
git symbolic-ref --short HEAD
git rev-parse master
git rev-parse --symbolic-full-name --abbrev-ref master@{u}
git rev-list --left-right master...origin/master
git for-each-ref --format %(refname) %(objectname) --sort -committerdate
git remote --verbose
git status -z -u
git symbolic-ref --short HEAD
git rev-parse master
git rev-parse --symbolic-full-name --abbrev-ref master@{u}
git rev-list --left-right master...origin/master
git for-each-ref --format %(refname) %(objectname) --sort -committerdate
git remote --verbose
git show :Audiencias.csproj
git show :Services/Implementations/ContactsService.cs
git status -z -u
git symbolic-ref --short HEAD
git rev-parse master
git rev-parse --symbolic-full-name --abbrev-ref master@{u}
git rev-list --left-right master...origin/master
git for-each-ref --format %(refname) %(objectname) --sort -committerdate
git remote --verbose
git show :ViewModels/ContactViewModel.cs
git show :Audiencias.csproj
git show :Startup.cs
git show :Startup.cs
git show :Audiencias.csproj
git show :ViewModels/ContactViewModel.cs
git show :Services/Implementations/ContactsService.cs
git show :Services/Contracts/IContactsService.cs
git show :Views/Contacts/Index.cshtml
git show :Services/Contracts/IContactsService.cs
git status -z -u
git symbolic-ref --short HEAD
git rev-parse master
git rev-parse --symbolic-full-name --abbrev-ref master@{u}
git rev-list --left-right master...origin/master
git for-each-ref --format %(refname) %(objectname) --sort -committerdate
git remote --verbose
git show :appsettings.json
git show :appsettings.Development.json
git show :Audiencias.csproj
git show :bundleconfig.json
git show :Startup.cs
git show :Program.cs
git show :Startup.cs
git show :Views/Contacts/Create.cshtml
git show :Views/Contacts/Index.cshtml
git show :Views/Contacts/Create.cshtml
git show :Views/Contacts/Index.cshtml
git show :ViewModels/ContactViewModel.cs
git show :Controllers/EntityTypesController.cs
git show :Controllers/ContactsController.cs
git show :Controllers/EntityTypesController.cs
git show :Controllers/ContactsController.cs
git show :Controllers/EntityTypesController.cs
git show :Controllers/ContactsController.cs
git show :Controllers/EntityTypesController.cs
git show :Controllers/ContactsController.cs
git show :Controllers/EntityTypesController.cs
git check-ignore -z --stdin
git show :Data/ApplicationDbContext.cs
git show :Startup.cs
git show :Views/Contacts/Index.cshtml
git show :ViewModels/ContactViewModel.cs
git show :ViewModels/EntityTypeViewModel.cs
git show :ViewModels/ContactViewModel.cs
git show :ViewModels/EntityTypeViewModel.cs
git show :ViewModels/ContactViewModel.cs
git show :Services/Contracts/IContactsService.cs
git show :Services/Contracts/IEntityTypesService.cs
git show :Services/Contracts/IContactsService.cs
git show :Services/Contracts/IEntityTypesService.cs
git show :Services/Contracts/IContactsService.cs
git show :Services/Contracts/IEntityTypesService.cs
git show :Services/Contracts/IContactsService.cs
git status -z -u
git symbolic-ref --short HEAD
git rev-parse master
git rev-parse --symbolic-full-name --abbrev-ref master@{u}
git rev-list --left-right master...origin/master
git for-each-ref --format %(refname) %(objectname) --sort -committerdate
git remote --verbose
git show :Services/Contracts/IEntityTypesService.cs
git show :Services/Contracts/IContactsService.cs
git show :Services/Implementations/ContactsService.cs
git show :Services/Implementations/EntityTypesService.cs
git show :Services/Implementations/ContactsService.cs
git show :Services/Implementations/EntityTypesService.cs
git show :Services/Implementations/ContactsService.cs
git show :Services/Implementations/EntityTypesService.cs
git show :Services/Implementations/ContactsService.cs
git show :Services/Implementations/EntityTypesService.cs
git show :Services/Implementations/ContactsService.cs
git show :Services/Implementations/EntityTypesService.cs
git show :Services/Implementations/ContactsService.cs
git show :Services/Contracts/IContactsService.cs
git show :Services/Contracts/IEntityTypesService.cs
git show :Services/Contracts/IContactsService.cs
git show :Services/Contracts/IEntityTypesService.cs
git show :Services/Contracts/IContactsService.cs
git check-ignore -z --stdin
git show :Views/Shared/_Layout.cshtml
git show :Views/_ViewStart.cshtml
git show :Views/_ViewImports.cshtml
git show :Views/Shared/_Layout.cshtml
git check-ignore -z --stdin
git show :Views/Home/Index.cshtml
git show :Views/EntityTypes/Index.cshtml
git show :Views/EntityTypes/Create.cshtml
git show :Views/EntityTypes/Index.cshtml
git show :Views/Contacts/Index.cshtml
git show :Views/EntityTypes/Index.cshtml
git show :Views/Contacts/Index.cshtml
git show :Views/EntityTypes/Index.cshtml
git show :Views/Contacts/Index.cshtml
git show :Views/EntityTypes/Index.cshtml
git show :Views/Contacts/Index.cshtml
git show :Views/EntityTypes/Index.cshtml
git show :ViewModels/ContactViewModel.cs
git show :ViewModels/EntityTypeViewModel.cs
git show :ViewModels/ContactViewModel.cs
git status -z -u
git symbolic-ref --short HEAD
git rev-parse master
git rev-parse --symbolic-full-name --abbrev-ref master@{u}
git rev-list --left-right master...origin/master
git for-each-ref --format %(refname) %(objectname) --sort -committerdate
git remote --verbose
git show :ViewModels/ContactViewModel.cs
git show :Data/ApplicationDbContext.cs
git status -z -u
git symbolic-ref --short HEAD
git rev-parse master
git rev-parse --symbolic-full-name --abbrev-ref master@{u}
git rev-list --left-right master...origin/master
git for-each-ref --format %(refname) %(objectname) --sort -committerdate
git remote --verbose
git show :ViewModels/ContactViewModel.cs
git show :Data/ApplicationDbContext.cs
git status -z -u
git symbolic-ref --short HEAD
git rev-parse master
git rev-parse --symbolic-full-name --abbrev-ref master@{u}
git rev-list --left-right master...origin/master
git for-each-ref --format %(refname) %(objectname) --sort -committerdate
git remote --verbose
git show :audiences.sln
git show :.vscode/launch.json
git check-ignore -z --stdin
git check-ignore -z --stdin
git check-ignore -z --stdin
git check-ignore -z --stdin
git show :Services/Contracts/IContactsService.cs
git show :Services/Implementations/ContactsService.cs
git show :Services/Implementations/EntityTypesService.cs
git show :Services/Implementations/ContactsService.cs
git show :Views/Contacts/Create.cshtml
git show :Views/Contacts/Index.cshtml
git show :appsettings.Development.json
git show :appsettings.json
git show :Controllers/EntityTypesController.cs
git show :Controllers/ContactsController.cs
git show :Controllers/EntityTypesController.cs
git show :Controllers/ContactsController.cs
git show :Controllers/EntityTypesController.cs
git check-ignore -z --stdin
git show :Views/_ViewImports.cshtml
git show :Views/_ViewStart.cshtml
git show :Views/Shared/_Layout.cshtml
git show :Views/Shared/Error.cshtml
git show :Views/_ViewStart.cshtml
git show :Views/Home/Index.cshtml
git show :Views/Shared/_Layout.cshtml
git status -z -u
git symbolic-ref --short HEAD
git rev-parse master
git rev-parse --symbolic-full-name --abbrev-ref master@{u}
git rev-list --left-right master...origin/master
git for-each-ref --format %(refname) %(objectname) --sort -committerdate
git remote --verbose
git check-ignore -z --stdin
git show :Views/Shared/_Layout.cshtml
git status -z -u
git symbolic-ref --short HEAD
git rev-parse master
git rev-parse --symbolic-full-name --abbrev-ref master@{u}
git rev-list --left-right master...origin/master
git for-each-ref --format %(refname) %(objectname) --sort -committerdate
git remote --verbose
git show :obj/Audiencias.csproj.EntityFrameworkCore.targets
git show :obj/Audiencias.csproj.nuget.cache
git show :Controllers/ContactsController.cs
git status -z -u
git symbolic-ref --short HEAD
git rev-parse master
git rev-parse --symbolic-full-name --abbrev-ref master@{u}
git rev-list --left-right master...origin/master
git for-each-ref --format %(refname) %(objectname) --sort -committerdate
git remote --verbose
git show :Controllers/ContactsController.cs
git status -z -u
git symbolic-ref --short HEAD
git rev-parse master
git rev-parse --symbolic-full-name --abbrev-ref master@{u}
git rev-list --left-right master...origin/master
git for-each-ref --format %(refname) %(objectname) --sort -committerdate
git remote --verbose
git show :Views/EntityTypes/Create.cshtml
git show :Views/EntityTypes/Index.cshtml
git show :Views/EntityTypes/Create.cshtml
git show :Views/EntityTypes/Index.cshtml
