[2018-04-04 06:04:11.257] [exthost1] [info] extension host started
[2018-04-04 06:04:11.295] [exthost1] [info] ExtensionService#_doActivateExtension vscode.emmet {"startup":true,"activationEvent":"*"}
[2018-04-04 06:04:11.295] [exthost1] [info] ExtensionService#loadCommonJSModule /usr/share/code/resources/app/extensions/emmet/out/extension
[2018-04-04 06:04:11.937] [exthost1] [info] ExtensionService#_doActivateExtension vscode.git {"startup":true,"activationEvent":"*"}
[2018-04-04 06:04:11.937] [exthost1] [info] ExtensionService#loadCommonJSModule /usr/share/code/resources/app/extensions/git/out/main
[2018-04-04 06:04:12.115] [exthost1] [info] ExtensionService#_doActivateExtension vscode.merge-conflict {"startup":true,"activationEvent":"*"}
[2018-04-04 06:04:12.115] [exthost1] [info] ExtensionService#loadCommonJSModule /usr/share/code/resources/app/extensions/merge-conflict/out/extension
[2018-04-04 06:04:12.157] [exthost1] [info] ExtensionService#_doActivateExtension bajdzis.vscode-database {"startup":true,"activationEvent":"*"}
[2018-04-04 06:04:12.157] [exthost1] [info] ExtensionService#loadCommonJSModule /root/.vscode/extensions/bajdzis.vscode-database-1.5.1/extension
[2018-04-04 06:04:13.113] [exthost1] [info] ExtensionService#_doActivateExtension eamodio.gitlens {"startup":true,"activationEvent":"*"}
[2018-04-04 06:04:13.113] [exthost1] [info] ExtensionService#loadCommonJSModule /root/.vscode/extensions/eamodio.gitlens-8.1.1/out/extension
[2018-04-04 06:04:14.991] [exthost1] [info] ExtensionService#_doActivateExtension schneiderpat.aspnet-helper {"startup":true,"activationEvent":"*"}
[2018-04-04 06:04:14.991] [exthost1] [info] ExtensionService#loadCommonJSModule /root/.vscode/extensions/schneiderpat.aspnet-helper-0.6.4/out/src/extension
[2018-04-04 06:04:15.157] [exthost1] [info] ExtensionService#_doActivateExtension vscode.html {"startup":false,"activationEvent":"onLanguage:razor"}
[2018-04-04 06:04:15.158] [exthost1] [info] ExtensionService#loadCommonJSModule /usr/share/code/resources/app/extensions/html/client/out/htmlMain
[2018-04-04 06:04:15.440] [exthost1] [info] ExtensionService#_doActivateExtension jchannon.csharpextensions {"startup":false,"activationEvent":"onLanguage:csharp"}
[2018-04-04 06:04:15.440] [exthost1] [info] ExtensionService#loadCommonJSModule /root/.vscode/extensions/jchannon.csharpextensions-1.3.0/out/src/extension
[2018-04-04 06:04:15.661] [exthost1] [info] ExtensionService#_doActivateExtension k--kato.docomment {"startup":false,"activationEvent":"onLanguage:csharp"}
[2018-04-04 06:04:15.661] [exthost1] [info] ExtensionService#loadCommonJSModule /root/.vscode/extensions/k--kato.docomment-0.0.17/out/src/extension
[2018-04-04 06:04:15.700] [exthost1] [info] ExtensionService#_doActivateExtension ms-vscode.csharp {"startup":false,"activationEvent":"onLanguage:csharp"}
[2018-04-04 06:04:15.700] [exthost1] [info] ExtensionService#loadCommonJSModule /root/.vscode/extensions/ms-vscode.csharp-1.14.0/out/src/main
[2018-04-04 06:04:18.076] [exthost1] [info] eager extensions activated
