[2018-03-27 12:11:57.314] [exthost1] [info] extension host started
[2018-03-27 12:11:57.343] [exthost1] [info] ExtensionService#_doActivateExtension vscode.emmet {"startup":true,"activationEvent":"*"}
[2018-03-27 12:11:57.343] [exthost1] [info] ExtensionService#loadCommonJSModule /usr/share/code/resources/app/extensions/emmet/out/extension
[2018-03-27 12:11:57.715] [exthost1] [info] ExtensionService#_doActivateExtension vscode.git {"startup":true,"activationEvent":"*"}
[2018-03-27 12:11:57.715] [exthost1] [info] ExtensionService#loadCommonJSModule /usr/share/code/resources/app/extensions/git/out/main
[2018-03-27 12:11:57.963] [exthost1] [info] ExtensionService#_doActivateExtension vscode.merge-conflict {"startup":true,"activationEvent":"*"}
[2018-03-27 12:11:57.963] [exthost1] [info] ExtensionService#loadCommonJSModule /usr/share/code/resources/app/extensions/merge-conflict/out/extension
[2018-03-27 12:11:58.067] [exthost1] [info] ExtensionService#_doActivateExtension bajdzis.vscode-database {"startup":true,"activationEvent":"*"}
[2018-03-27 12:11:58.067] [exthost1] [info] ExtensionService#loadCommonJSModule /root/.vscode/extensions/bajdzis.vscode-database-1.5.1/extension
[2018-03-27 12:11:58.857] [exthost1] [info] ExtensionService#_doActivateExtension eamodio.gitlens {"startup":true,"activationEvent":"*"}
[2018-03-27 12:11:58.857] [exthost1] [info] ExtensionService#loadCommonJSModule /root/.vscode/extensions/eamodio.gitlens-8.1.1/out/extension
[2018-03-27 12:12:01.053] [exthost1] [info] ExtensionService#_doActivateExtension schneiderpat.aspnet-helper {"startup":true,"activationEvent":"*"}
[2018-03-27 12:12:01.053] [exthost1] [info] ExtensionService#loadCommonJSModule /root/.vscode/extensions/schneiderpat.aspnet-helper-0.6.4/out/src/extension
[2018-03-27 12:12:01.295] [exthost1] [info] ExtensionService#_doActivateExtension vscode.html {"startup":false,"activationEvent":"onLanguage:razor"}
[2018-03-27 12:12:01.295] [exthost1] [info] ExtensionService#loadCommonJSModule /usr/share/code/resources/app/extensions/html/client/out/htmlMain
[2018-03-27 12:12:02.295] [exthost1] [info] ExtensionService#_doActivateExtension ms-vscode.csharp {"startup":true,"activationEvent":"workspaceContains:*.csproj,*.sln,*.csx,*.cake,**/*.csproj,**/*.sln,**/*.csx,**/*.cake"}
[2018-03-27 12:12:02.295] [exthost1] [info] ExtensionService#loadCommonJSModule /root/.vscode/extensions/ms-vscode.csharp-1.14.0/out/src/main
[2018-03-27 12:12:03.894] [exthost1] [info] eager extensions activated
[2018-03-27 12:18:51.479] [exthost1] [info] ExtensionService#_doActivateExtension jchannon.csharpextensions {"startup":false,"activationEvent":"onLanguage:csharp"}
[2018-03-27 12:18:51.480] [exthost1] [info] ExtensionService#loadCommonJSModule /root/.vscode/extensions/jchannon.csharpextensions-1.3.0/out/src/extension
[2018-03-27 12:18:51.729] [exthost1] [info] ExtensionService#_doActivateExtension k--kato.docomment {"startup":false,"activationEvent":"onLanguage:csharp"}
[2018-03-27 12:18:51.729] [exthost1] [info] ExtensionService#loadCommonJSModule /root/.vscode/extensions/k--kato.docomment-0.0.17/out/src/extension
[2018-03-27 12:29:04.790] [exthost1] [info] extension host started
[2018-03-27 12:29:04.832] [exthost1] [info] ExtensionService#_doActivateExtension vscode.emmet {"startup":true,"activationEvent":"*"}
[2018-03-27 12:29:04.832] [exthost1] [info] ExtensionService#loadCommonJSModule /usr/share/code/resources/app/extensions/emmet/out/extension
[2018-03-27 12:29:04.883] [exthost1] [info] ExtensionService#_doActivateExtension vscode.git {"startup":true,"activationEvent":"*"}
[2018-03-27 12:29:04.883] [exthost1] [info] ExtensionService#loadCommonJSModule /usr/share/code/resources/app/extensions/git/out/main
[2018-03-27 12:29:04.940] [exthost1] [info] ExtensionService#_doActivateExtension vscode.merge-conflict {"startup":true,"activationEvent":"*"}
[2018-03-27 12:29:04.940] [exthost1] [info] ExtensionService#loadCommonJSModule /usr/share/code/resources/app/extensions/merge-conflict/out/extension
[2018-03-27 12:29:04.950] [exthost1] [info] ExtensionService#_doActivateExtension bajdzis.vscode-database {"startup":true,"activationEvent":"*"}
[2018-03-27 12:29:04.950] [exthost1] [info] ExtensionService#loadCommonJSModule /root/.vscode/extensions/bajdzis.vscode-database-1.5.1/extension
[2018-03-27 12:29:04.993] [exthost1] [info] ExtensionService#_doActivateExtension eamodio.gitlens {"startup":true,"activationEvent":"*"}
[2018-03-27 12:29:04.993] [exthost1] [info] ExtensionService#loadCommonJSModule /root/.vscode/extensions/eamodio.gitlens-8.1.1/out/extension
[2018-03-27 12:29:05.133] [exthost1] [info] ExtensionService#_doActivateExtension schneiderpat.aspnet-helper {"startup":true,"activationEvent":"*"}
[2018-03-27 12:29:05.133] [exthost1] [info] ExtensionService#loadCommonJSModule /root/.vscode/extensions/schneiderpat.aspnet-helper-0.6.4/out/src/extension
[2018-03-27 12:29:06.308] [exthost1] [info] ExtensionService#_doActivateExtension ms-vscode.csharp {"startup":true,"activationEvent":"workspaceContains:*.csproj,*.sln,*.csx,*.cake,**/*.csproj,**/*.sln,**/*.csx,**/*.cake"}
[2018-03-27 12:29:06.308] [exthost1] [info] ExtensionService#loadCommonJSModule /root/.vscode/extensions/ms-vscode.csharp-1.14.0/out/src/main
[2018-03-27 12:29:06.487] [exthost1] [info] eager extensions activated
[2018-03-27 12:29:13.087] [exthost1] [info] ExtensionService#_doActivateExtension vscode.html {"startup":false,"activationEvent":"onLanguage:razor"}
[2018-03-27 12:29:13.087] [exthost1] [info] ExtensionService#loadCommonJSModule /usr/share/code/resources/app/extensions/html/client/out/htmlMain
[2018-03-27 12:30:00.481] [exthost1] [info] extension host started
[2018-03-27 12:30:00.508] [exthost1] [info] ExtensionService#_doActivateExtension vscode.emmet {"startup":true,"activationEvent":"*"}
[2018-03-27 12:30:00.508] [exthost1] [info] ExtensionService#loadCommonJSModule /usr/share/code/resources/app/extensions/emmet/out/extension
[2018-03-27 12:30:00.577] [exthost1] [info] ExtensionService#_doActivateExtension vscode.git {"startup":true,"activationEvent":"*"}
[2018-03-27 12:30:00.577] [exthost1] [info] ExtensionService#loadCommonJSModule /usr/share/code/resources/app/extensions/git/out/main
[2018-03-27 12:30:00.651] [exthost1] [info] ExtensionService#_doActivateExtension vscode.merge-conflict {"startup":true,"activationEvent":"*"}
[2018-03-27 12:30:00.651] [exthost1] [info] ExtensionService#loadCommonJSModule /usr/share/code/resources/app/extensions/merge-conflict/out/extension
[2018-03-27 12:30:00.662] [exthost1] [info] ExtensionService#_doActivateExtension bajdzis.vscode-database {"startup":true,"activationEvent":"*"}
[2018-03-27 12:30:00.662] [exthost1] [info] ExtensionService#loadCommonJSModule /root/.vscode/extensions/bajdzis.vscode-database-1.5.1/extension
[2018-03-27 12:30:00.710] [exthost1] [info] ExtensionService#_doActivateExtension eamodio.gitlens {"startup":true,"activationEvent":"*"}
[2018-03-27 12:30:00.710] [exthost1] [info] ExtensionService#loadCommonJSModule /root/.vscode/extensions/eamodio.gitlens-8.1.1/out/extension
[2018-03-27 12:30:00.877] [exthost1] [info] ExtensionService#_doActivateExtension schneiderpat.aspnet-helper {"startup":true,"activationEvent":"*"}
[2018-03-27 12:30:00.877] [exthost1] [info] ExtensionService#loadCommonJSModule /root/.vscode/extensions/schneiderpat.aspnet-helper-0.6.4/out/src/extension
[2018-03-27 12:30:00.969] [exthost1] [info] ExtensionService#_doActivateExtension vscode.html {"startup":false,"activationEvent":"onLanguage:razor"}
[2018-03-27 12:30:00.969] [exthost1] [info] ExtensionService#loadCommonJSModule /usr/share/code/resources/app/extensions/html/client/out/htmlMain
[2018-03-27 12:30:01.233] [exthost1] [info] ExtensionService#_doActivateExtension ms-vscode.csharp {"startup":true,"activationEvent":"workspaceContains:*.csproj,*.sln,*.csx,*.cake,**/*.csproj,**/*.sln,**/*.csx,**/*.cake"}
[2018-03-27 12:30:01.233] [exthost1] [info] ExtensionService#loadCommonJSModule /root/.vscode/extensions/ms-vscode.csharp-1.14.0/out/src/main
[2018-03-27 12:30:01.447] [exthost1] [info] eager extensions activated
[2018-03-27 12:34:10.725] [exthost1] [info] ExtensionService#_doActivateExtension jchannon.csharpextensions {"startup":false,"activationEvent":"onLanguage:csharp"}
[2018-03-27 12:34:10.725] [exthost1] [info] ExtensionService#loadCommonJSModule /root/.vscode/extensions/jchannon.csharpextensions-1.3.0/out/src/extension
[2018-03-27 12:34:10.855] [exthost1] [info] ExtensionService#_doActivateExtension k--kato.docomment {"startup":false,"activationEvent":"onLanguage:csharp"}
[2018-03-27 12:34:10.855] [exthost1] [info] ExtensionService#loadCommonJSModule /root/.vscode/extensions/k--kato.docomment-0.0.17/out/src/extension
